Performing C++ SOURCE FILE Test CMAKE_HAVE_LIBC_PTHREAD failed with the following output:
Change Dir: /work/chuanqiu/splitcore/splitmidchange_chunk/CMakeFiles/CMakeTmp

Run Build Command(s):/usr/bin/gmake -f Makefile cmTC_2cc7d/fast && /usr/bin/gmake  -f CMakeFiles/cmTC_2cc7d.dir/build.make CMakeFiles/cmTC_2cc7d.dir/build
gmake[1]: Entering directory '/work/chuanqiu/splitcore/splitmidchange_chunk/CMakeFiles/CMakeTmp'
Building CXX object CMakeFiles/cmTC_2cc7d.dir/src.cxx.o
/opt/apps/gcc/11.2.0/bin/g++ -DCMAKE_HAVE_LIBC_PTHREAD   -o CMakeFiles/cmTC_2cc7d.dir/src.cxx.o -c /work/chuanqiu/splitcore/splitmidchange_chunk/CMakeFiles/CMakeTmp/src.cxx
Linking CXX executable cmTC_2cc7d
/opt/apps/cmake/3.22.0/bin/cmake -E cmake_link_script CMakeFiles/cmTC_2cc7d.dir/link.txt --verbose=1
/opt/apps/gcc/11.2.0/bin/g++ CMakeFiles/cmTC_2cc7d.dir/src.cxx.o -o cmTC_2cc7d 
CMakeFiles/cmTC_2cc7d.dir/src.cxx.o: In function `main':
src.cxx:(.text+0x2d): undefined reference to `pthread_create'
src.cxx:(.text+0x39): undefined reference to `pthread_detach'
src.cxx:(.text+0x45): undefined reference to `pthread_cancel'
src.cxx:(.text+0x56): undefined reference to `pthread_join'
collect2: error: ld returned 1 exit status
gmake[1]: *** [CMakeFiles/cmTC_2cc7d.dir/build.make:99: cmTC_2cc7d] Error 1
gmake[1]: Leaving directory '/work/chuanqiu/splitcore/splitmidchange_chunk/CMakeFiles/CMakeTmp'
gmake: *** [Makefile:127: cmTC_2cc7d/fast] Error 2


Source file was:
#include <pthread.h>

static void* test_func(void* data)
{
  return data;
}

int main(void)
{
  pthread_t thread;
  pthread_create(&thread, NULL, test_func, NULL);
  pthread_detach(thread);
  pthread_cancel(thread);
  pthread_join(thread, NULL);
  pthread_atfork(NULL, NULL, NULL);
  pthread_exit(NULL);

  return 0;
}

The MPI test test_mpi for CXX in mode normal failed to compile with the following output:
Change Dir: /work/chuanqiu/splitcore/splitmidchange_chunk/CMakeFiles/CMakeTmp

Run Build Command(s):/usr/bin/gmake -f Makefile cmTC_4acc3/fast && /usr/bin/gmake  -f CMakeFiles/cmTC_4acc3.dir/build.make CMakeFiles/cmTC_4acc3.dir/build
gmake[1]: Entering directory '/work/chuanqiu/splitcore/splitmidchange_chunk/CMakeFiles/CMakeTmp'
Building CXX object CMakeFiles/cmTC_4acc3.dir/test_mpi.cpp.o
/opt/apps/gcc/11.2.0/bin/g++   -pthread -o CMakeFiles/cmTC_4acc3.dir/test_mpi.cpp.o -c /work/chuanqiu/splitcore/splitmidchange_chunk/CMakeFiles/FindMPI/test_mpi.cpp
/work/chuanqiu/splitcore/splitmidchange_chunk/CMakeFiles/FindMPI/test_mpi.cpp:1:10: fatal error: mpi.h: No such file or directory
    1 | #include <mpi.h>
      |          ^~~~~~~
compilation terminated.
gmake[1]: *** [CMakeFiles/cmTC_4acc3.dir/build.make:78: CMakeFiles/cmTC_4acc3.dir/test_mpi.cpp.o] Error 1
gmake[1]: Leaving directory '/work/chuanqiu/splitcore/splitmidchange_chunk/CMakeFiles/CMakeTmp'
gmake: *** [Makefile:127: cmTC_4acc3/fast] Error 2



