Performing C++ SOURCE FILE Test CMAKE_HAVE_LIBC_PTHREAD failed with the following output:
Change Dir: /work/chuanqiu/splitcore/originalmidchange_chunk/CMakeFiles/CMakeTmp

Run Build Command(s):/usr/bin/gmake -f Makefile cmTC_04e51/fast && /usr/bin/gmake  -f CMakeFiles/cmTC_04e51.dir/build.make CMakeFiles/cmTC_04e51.dir/build
gmake[1]: Entering directory '/work/chuanqiu/splitcore/originalmidchange_chunk/CMakeFiles/CMakeTmp'
Building CXX object CMakeFiles/cmTC_04e51.dir/src.cxx.o
/opt/apps/gcc/11.2.0/bin/g++ -DCMAKE_HAVE_LIBC_PTHREAD   -o CMakeFiles/cmTC_04e51.dir/src.cxx.o -c /work/chuanqiu/splitcore/originalmidchange_chunk/CMakeFiles/CMakeTmp/src.cxx
Linking CXX executable cmTC_04e51
/opt/apps/cmake/3.22.0/bin/cmake -E cmake_link_script CMakeFiles/cmTC_04e51.dir/link.txt --verbose=1
/opt/apps/gcc/11.2.0/bin/g++ CMakeFiles/cmTC_04e51.dir/src.cxx.o -o cmTC_04e51 
CMakeFiles/cmTC_04e51.dir/src.cxx.o: In function `main':
src.cxx:(.text+0x2d): undefined reference to `pthread_create'
src.cxx:(.text+0x39): undefined reference to `pthread_detach'
src.cxx:(.text+0x45): undefined reference to `pthread_cancel'
src.cxx:(.text+0x56): undefined reference to `pthread_join'
collect2: error: ld returned 1 exit status
gmake[1]: *** [CMakeFiles/cmTC_04e51.dir/build.make:99: cmTC_04e51] Error 1
gmake[1]: Leaving directory '/work/chuanqiu/splitcore/originalmidchange_chunk/CMakeFiles/CMakeTmp'
gmake: *** [Makefile:127: cmTC_04e51/fast] Error 2


Source file was:
#include <pthread.h>

static void* test_func(void* data)
{
  return data;
}

int main(void)
{
  pthread_t thread;
  pthread_create(&thread, NULL, test_func, NULL);
  pthread_detach(thread);
  pthread_cancel(thread);
  pthread_join(thread, NULL);
  pthread_atfork(NULL, NULL, NULL);
  pthread_exit(NULL);

  return 0;
}

